<?xml version="1.0" encoding="UTF-8"?>
<!-- Generated by org.testng.reporters.JUnitReportReporter -->
<testsuite skipped="0" hostname="DESKTOP-BL63GHT" name="com.OhrmtestScripts.TC_01" tests="1" failures="0" timestamp="04 Mar 2019 04:20:08 GMT" time="8.155" errors="0">
  <testcase name="tc_01" time="8.155" classname="com.OhrmtestScripts.TC_01"/>
</testsuite> <!-- com.OhrmtestScripts.TC_01 -->
