<?xml version="1.0" encoding="UTF-8"?>
<!-- Generated by org.testng.reporters.JUnitReportReporter -->
<testsuite skipped="0" hostname="DESKTOP-BL63GHT" name="com.Testng.Annotation1" tests="2" failures="0" timestamp="15 Feb 2019 12:30:51 GMT" time="0.017" errors="0">
  <testcase name="inbox" time="0.008" classname="com.Testng.Annotation1"/>
  <testcase name="composemail" time="0.009" classname="com.Testng.Annotation1"/>
</testsuite> <!-- com.Testng.Annotation1 -->
