<?xml version="1.0" encoding="UTF-8"?>
<!-- Generated by org.testng.reporters.JUnitReportReporter -->
<testsuite skipped="0" hostname="DESKTOP-BL63GHT" name="com.Testng.annotation2" tests="2" failures="0" timestamp="15 Feb 2019 12:32:29 GMT" time="0.035" errors="0">
  <testcase name="inbox" time="0.007" classname="com.Testng.annotation2"/>
  <testcase name="composemail" time="0.028" classname="com.Testng.annotation2"/>
</testsuite> <!-- com.Testng.annotation2 -->
