<?xml version="1.0" encoding="UTF-8"?>
<!-- Generated by org.testng.reporters.JUnitReportReporter -->
<testsuite skipped="0" hostname="DESKTOP-BL63GHT" name="com.Gmailtestcase.sendmailattch" tests="1" failures="0" timestamp="03 Mar 2019 15:38:00 GMT" time="60.822" errors="0">
  <testcase name="Composemailattch" time="60.822" classname="com.Gmailtestcase.sendmailattch"/>
</testsuite> <!-- com.Gmailtestcase.sendmailattch -->
