<?xml version="1.0" encoding="UTF-8"?>
<!-- Generated by org.testng.reporters.JUnitReportReporter -->
<testsuite skipped="0" hostname="DESKTOP-BL63GHT" name="com.autoit.imgur" tests="1" failures="0" timestamp="01 Mar 2019 08:15:58 GMT" time="14.356" errors="0">
  <testcase name="upload" time="14.356" classname="com.autoit.imgur"/>
</testsuite> <!-- com.autoit.imgur -->
