<?xml version="1.0" encoding="UTF-8"?>
<!-- Generated by org.testng.reporters.JUnitReportReporter -->
<testsuite skipped="0" hostname="DESKTOP-BL63GHT" name="com.Keyworddriven.LoginTest" tests="1" failures="0" timestamp="21 Feb 2019 07:53:34 GMT" time="20.968" errors="0">
  <testcase name="loginFunction" time="20.968" classname="com.Keyworddriven.LoginTest"/>
</testsuite> <!-- com.Keyworddriven.LoginTest -->
